-------------------------------------------------------------------------------
Test set: As a user, I should be able to log in.
-------------------------------------------------------------------------------
Tests run: 3, Failures: 1, Errors: 0, Skipped: 0, Time elapsed: 115.442 s <<< FAILURE! - in As a user, I should be able to log in.
As a user, I should be able to log in..Verify login with valid credentials #3  Time elapsed: 36.403 s  <<< FAILURE!
java.lang.AssertionError

